<?xml version="1.0" encoding="UTF-8"?>
<testsuite xmlns:xsi="http://www.w3.org/2001/XMLSchema-instance" xsi:noNamespaceSchemaLocation="https://maven.apache.org/surefire/maven-surefire-plugin/xsd/surefire-test-report.xsd" version="3.0.2" name="br.com.medflow.dominio.financeiro.faturamentos.TesteCenariosBDD" time="0.04" tests="11" errors="0" skipped="0" failures="0">
  <properties>
    <property name="java.specification.version" value="25"/>
    <property name="sun.jnu.encoding" value="UTF-8"/>
    <property name="java.class.path" value="/Users/paulorago/Repositories /MedFlow/dominio-financeiro/target/test-classes:/Users/paulorago/Repositories /MedFlow/dominio-financeiro/target/classes:/Users/paulorago/.m2/repository/commons-validator/commons-validator/1.9.0/commons-validator-1.9.0.jar:/Users/paulorago/.m2/repository/commons-beanutils/commons-beanutils/1.9.4/commons-beanutils-1.9.4.jar:/Users/paulorago/.m2/repository/commons-digester/commons-digester/2.1/commons-digester-2.1.jar:/Users/paulorago/.m2/repository/commons-logging/commons-logging/1.3.2/commons-logging-1.3.2.jar:/Users/paulorago/.m2/repository/commons-collections/commons-collections/3.2.2/commons-collections-3.2.2.jar:/Users/paulorago/.m2/repository/io/cucumber/cucumber-java/7.21.1/cucumber-java-7.21.1.jar:/Users/paulorago/.m2/repository/io/cucumber/cucumber-core/7.21.1/cucumber-core-7.21.1.jar:/Users/paulorago/.m2/repository/io/cucumber/cucumber-gherkin/7.21.1/cucumber-gherkin-7.21.1.jar:/Users/paulorago/.m2/repository/io/cucumber/cucumber-gherkin-messages/7.21.1/cucumber-gherkin-messages-7.21.1.jar:/Users/paulorago/.m2/repository/io/cucumber/gherkin/31.0.0/gherkin-31.0.0.jar:/Users/paulorago/.m2/repository/io/cucumber/messages/27.2.0/messages-27.2.0.jar:/Users/paulorago/.m2/repository/io/cucumber/testng-xml-formatter/0.3.1/testng-xml-formatter-0.3.1.jar:/Users/paulorago/.m2/repository/io/cucumber/query/13.2.0/query-13.2.0.jar:/Users/paulorago/.m2/repository/io/cucumber/tag-expressions/6.1.2/tag-expressions-6.1.2.jar:/Users/paulorago/.m2/repository/io/cucumber/cucumber-expressions/18.0.1/cucumber-expressions-18.0.1.jar:/Users/paulorago/.m2/repository/io/cucumber/datatable/7.21.1/datatable-7.21.1.jar:/Users/paulorago/.m2/repository/io/cucumber/cucumber-plugin/7.21.1/cucumber-plugin-7.21.1.jar:/Users/paulorago/.m2/repository/io/cucumber/docstring/7.21.1/docstring-7.21.1.jar:/Users/paulorago/.m2/repository/io/cucumber/html-formatter/21.9.0/html-formatter-21.9.0.jar:/Users/paulorago/.m2/repository/io/cucumber/junit-xml-formatter/0.7.1/junit-xml-formatter-0.7.1.jar:/Users/paulorago/.m2/repository/io/cucumber/ci-environment/10.0.1/ci-environment-10.0.1.jar:/Users/paulorago/.m2/repository/org/apiguardian/apiguardian-api/1.1.2/apiguardian-api-1.1.2.jar:/Users/paulorago/.m2/repository/io/cucumber/cucumber-junit-platform-engine/7.21.1/cucumber-junit-platform-engine-7.21.1.jar:/Users/paulorago/.m2/repository/org/junit/platform/junit-platform-engine/1.11.4/junit-platform-engine-1.11.4.jar:/Users/paulorago/.m2/repository/org/opentest4j/opentest4j/1.3.0/opentest4j-1.3.0.jar:/Users/paulorago/.m2/repository/org/junit/platform/junit-platform-commons/1.11.4/junit-platform-commons-1.11.4.jar:/Users/paulorago/.m2/repository/org/junit/jupiter/junit-jupiter/5.11.4/junit-jupiter-5.11.4.jar:/Users/paulorago/.m2/repository/org/junit/jupiter/junit-jupiter-api/5.11.4/junit-jupiter-api-5.11.4.jar:/Users/paulorago/.m2/repository/org/junit/jupiter/junit-jupiter-params/5.11.4/junit-jupiter-params-5.11.4.jar:/Users/paulorago/.m2/repository/org/junit/jupiter/junit-jupiter-engine/5.11.4/junit-jupiter-engine-5.11.4.jar:/Users/paulorago/.m2/repository/org/junit/platform/junit-platform-suite/1.11.4/junit-platform-suite-1.11.4.jar:/Users/paulorago/.m2/repository/org/junit/platform/junit-platform-suite-api/1.11.4/junit-platform-suite-api-1.11.4.jar:/Users/paulorago/.m2/repository/org/junit/platform/junit-platform-suite-engine/1.11.4/junit-platform-suite-engine-1.11.4.jar:/Users/paulorago/.m2/repository/org/junit/platform/junit-platform-suite-commons/1.11.4/junit-platform-suite-commons-1.11.4.jar:/Users/paulorago/.m2/repository/org/junit/platform/junit-platform-launcher/1.11.4/junit-platform-launcher-1.11.4.jar:/Users/paulorago/.m2/repository/org/apache/commons/commons-lang3/3.17.0/commons-lang3-3.17.0.jar:"/>
    <property name="java.vm.vendor" value="Homebrew"/>
    <property name="sun.arch.data.model" value="64"/>
    <property name="java.vendor.url" value="https://github.com/Homebrew/homebrew-core/issues"/>
    <property name="user.timezone" value="America/Recife"/>
    <property name="os.name" value="Mac OS X"/>
    <property name="java.vm.specification.version" value="25"/>
    <property name="sun.java.launcher" value="SUN_STANDARD"/>
    <property name="user.country" value="BR"/>
    <property name="sun.boot.library.path" value="/opt/homebrew/Cellar/openjdk/25/libexec/openjdk.jdk/Contents/Home/lib"/>
    <property name="sun.java.command" value="/Users/paulorago/Repositories /MedFlow/dominio-financeiro/target/surefire/surefirebooter-20251019180730869_3.jar /Users/paulorago/Repositories /MedFlow/dominio-financeiro/target/surefire 2025-10-19T18-07-30_828-jvmRun1 surefire-20251019180730869_1tmp surefire_0-20251019180730869_2tmp"/>
    <property name="http.nonProxyHosts" value="local|*.local|169.254/16|*.169.254/16"/>
    <property name="jdk.debug" value="release"/>
    <property name="surefire.test.class.path" value="/Users/paulorago/Repositories /MedFlow/dominio-financeiro/target/test-classes:/Users/paulorago/Repositories /MedFlow/dominio-financeiro/target/classes:/Users/paulorago/.m2/repository/commons-validator/commons-validator/1.9.0/commons-validator-1.9.0.jar:/Users/paulorago/.m2/repository/commons-beanutils/commons-beanutils/1.9.4/commons-beanutils-1.9.4.jar:/Users/paulorago/.m2/repository/commons-digester/commons-digester/2.1/commons-digester-2.1.jar:/Users/paulorago/.m2/repository/commons-logging/commons-logging/1.3.2/commons-logging-1.3.2.jar:/Users/paulorago/.m2/repository/commons-collections/commons-collections/3.2.2/commons-collections-3.2.2.jar:/Users/paulorago/.m2/repository/io/cucumber/cucumber-java/7.21.1/cucumber-java-7.21.1.jar:/Users/paulorago/.m2/repository/io/cucumber/cucumber-core/7.21.1/cucumber-core-7.21.1.jar:/Users/paulorago/.m2/repository/io/cucumber/cucumber-gherkin/7.21.1/cucumber-gherkin-7.21.1.jar:/Users/paulorago/.m2/repository/io/cucumber/cucumber-gherkin-messages/7.21.1/cucumber-gherkin-messages-7.21.1.jar:/Users/paulorago/.m2/repository/io/cucumber/gherkin/31.0.0/gherkin-31.0.0.jar:/Users/paulorago/.m2/repository/io/cucumber/messages/27.2.0/messages-27.2.0.jar:/Users/paulorago/.m2/repository/io/cucumber/testng-xml-formatter/0.3.1/testng-xml-formatter-0.3.1.jar:/Users/paulorago/.m2/repository/io/cucumber/query/13.2.0/query-13.2.0.jar:/Users/paulorago/.m2/repository/io/cucumber/tag-expressions/6.1.2/tag-expressions-6.1.2.jar:/Users/paulorago/.m2/repository/io/cucumber/cucumber-expressions/18.0.1/cucumber-expressions-18.0.1.jar:/Users/paulorago/.m2/repository/io/cucumber/datatable/7.21.1/datatable-7.21.1.jar:/Users/paulorago/.m2/repository/io/cucumber/cucumber-plugin/7.21.1/cucumber-plugin-7.21.1.jar:/Users/paulorago/.m2/repository/io/cucumber/docstring/7.21.1/docstring-7.21.1.jar:/Users/paulorago/.m2/repository/io/cucumber/html-formatter/21.9.0/html-formatter-21.9.0.jar:/Users/paulorago/.m2/repository/io/cucumber/junit-xml-formatter/0.7.1/junit-xml-formatter-0.7.1.jar:/Users/paulorago/.m2/repository/io/cucumber/ci-environment/10.0.1/ci-environment-10.0.1.jar:/Users/paulorago/.m2/repository/org/apiguardian/apiguardian-api/1.1.2/apiguardian-api-1.1.2.jar:/Users/paulorago/.m2/repository/io/cucumber/cucumber-junit-platform-engine/7.21.1/cucumber-junit-platform-engine-7.21.1.jar:/Users/paulorago/.m2/repository/org/junit/platform/junit-platform-engine/1.11.4/junit-platform-engine-1.11.4.jar:/Users/paulorago/.m2/repository/org/opentest4j/opentest4j/1.3.0/opentest4j-1.3.0.jar:/Users/paulorago/.m2/repository/org/junit/platform/junit-platform-commons/1.11.4/junit-platform-commons-1.11.4.jar:/Users/paulorago/.m2/repository/org/junit/jupiter/junit-jupiter/5.11.4/junit-jupiter-5.11.4.jar:/Users/paulorago/.m2/repository/org/junit/jupiter/junit-jupiter-api/5.11.4/junit-jupiter-api-5.11.4.jar:/Users/paulorago/.m2/repository/org/junit/jupiter/junit-jupiter-params/5.11.4/junit-jupiter-params-5.11.4.jar:/Users/paulorago/.m2/repository/org/junit/jupiter/junit-jupiter-engine/5.11.4/junit-jupiter-engine-5.11.4.jar:/Users/paulorago/.m2/repository/org/junit/platform/junit-platform-suite/1.11.4/junit-platform-suite-1.11.4.jar:/Users/paulorago/.m2/repository/org/junit/platform/junit-platform-suite-api/1.11.4/junit-platform-suite-api-1.11.4.jar:/Users/paulorago/.m2/repository/org/junit/platform/junit-platform-suite-engine/1.11.4/junit-platform-suite-engine-1.11.4.jar:/Users/paulorago/.m2/repository/org/junit/platform/junit-platform-suite-commons/1.11.4/junit-platform-suite-commons-1.11.4.jar:/Users/paulorago/.m2/repository/org/junit/platform/junit-platform-launcher/1.11.4/junit-platform-launcher-1.11.4.jar:/Users/paulorago/.m2/repository/org/apache/commons/commons-lang3/3.17.0/commons-lang3-3.17.0.jar:"/>
    <property name="sun.cpu.endian" value="little"/>
    <property name="user.home" value="/Users/paulorago"/>
    <property name="user.language" value="pt"/>
    <property name="java.specification.vendor" value="Oracle Corporation"/>
    <property name="java.version.date" value="2025-09-16"/>
    <property name="java.home" value="/opt/homebrew/Cellar/openjdk/25/libexec/openjdk.jdk/Contents/Home"/>
    <property name="file.separator" value="/"/>
    <property name="basedir" value="/Users/paulorago/Repositories /MedFlow/dominio-financeiro"/>
    <property name="java.vm.compressedOopsMode" value="Zero based"/>
    <property name="line.separator" value="&#10;"/>
    <property name="java.vm.specification.vendor" value="Oracle Corporation"/>
    <property name="java.specification.name" value="Java Platform API Specification"/>
    <property name="apple.awt.application.name" value="ForkedBooter"/>
    <property name="surefire.real.class.path" value="/Users/paulorago/Repositories /MedFlow/dominio-financeiro/target/surefire/surefirebooter-20251019180730869_3.jar"/>
    <property name="sun.management.compiler" value="HotSpot 64-Bit Tiered Compilers"/>
    <property name="ftp.nonProxyHosts" value="local|*.local|169.254/16|*.169.254/16"/>
    <property name="java.runtime.version" value="25"/>
    <property name="user.name" value="paulorago"/>
    <property name="stdout.encoding" value="UTF-8"/>
    <property name="path.separator" value=":"/>
    <property name="os.version" value="15.6.1"/>
    <property name="java.runtime.name" value="OpenJDK Runtime Environment"/>
    <property name="file.encoding" value="UTF-8"/>
    <property name="java.vm.name" value="OpenJDK 64-Bit Server VM"/>
    <property name="java.vendor.version" value="Homebrew"/>
    <property name="localRepository" value="/Users/paulorago/.m2/repository"/>
    <property name="java.vendor.url.bug" value="https://github.com/Homebrew/homebrew-core/issues"/>
    <property name="java.io.tmpdir" value="/var/folders/n0/dc5hw0cd1hvb90bgm7t0j4180000gn/T/"/>
    <property name="java.version" value="25"/>
    <property name="user.dir" value="/Users/paulorago/Repositories /MedFlow/dominio-financeiro"/>
    <property name="os.arch" value="aarch64"/>
    <property name="java.vm.specification.name" value="Java Virtual Machine Specification"/>
    <property name="native.encoding" value="UTF-8"/>
    <property name="java.library.path" value="/Users/paulorago/Library/Java/Extensions:/Library/Java/Extensions:/Network/Library/Java/Extensions:/System/Library/Java/Extensions:/usr/lib/java:."/>
    <property name="java.vm.info" value="mixed mode, sharing"/>
    <property name="stderr.encoding" value="UTF-8"/>
    <property name="java.vendor" value="Homebrew"/>
    <property name="java.vm.version" value="25"/>
    <property name="stdin.encoding" value="UTF-8"/>
    <property name="sun.io.unicode.encoding" value="UnicodeBig"/>
    <property name="socksNonProxyHosts" value="local|*.local|169.254/16|*.169.254/16"/>
    <property name="java.class.version" value="69.0"/>
  </properties>
  <testcase name="rn3_forcar_status_inicial_pendente" classname="br.com.medflow.dominio.financeiro.faturamentos.TesteCenariosBDD" time="0.024"/>
  <testcase name="rn1_usuario_sem_permissao_tenta_excluir_faturamento" classname="br.com.medflow.dominio.financeiro.faturamentos.TesteCenariosBDD" time="0.001"/>
  <testcase name="rn2_administrador_exclui_faturamento_marcado_como_invalido" classname="br.com.medflow.dominio.financeiro.faturamentos.TesteCenariosBDD" time="0.001"/>
  <testcase name="rn3_ignorar_status_enviado_pelo_cliente_e_manter_pendente" classname="br.com.medflow.dominio.financeiro.faturamentos.TesteCenariosBDD" time="0.0"/>
  <testcase name="rn2_bloquear_registro_quando_valor_divergir_da_tabela_sem_justificativa" classname="br.com.medflow.dominio.financeiro.faturamentos.TesteCenariosBDD" time="0.001"/>
  <testcase name="rn1_impedir_registro_quando_faltar_metodo_de_pagamento" classname="br.com.medflow.dominio.financeiro.faturamentos.TesteCenariosBDD" time="0.0"/>
  <testcase name="rn2_bloqueio_de_exclusao_para_faturamento_com_status_nao_permitido" classname="br.com.medflow.dominio.financeiro.faturamentos.TesteCenariosBDD" time="0.002">
    <system-out><![CDATA[Notificação interna: Contabilização automática para faturamento FAT-0001
]]></system-out>
  </testcase>
  <testcase name="rn1_registrar_faturamento_com_todos_os_campos_obrigatorios" classname="br.com.medflow.dominio.financeiro.faturamentos.TesteCenariosBDD" time="0.0"/>
  <testcase name="rn2_bloquear_registro_com_valor_nao_positivo" classname="br.com.medflow.dominio.financeiro.faturamentos.TesteCenariosBDD" time="0.001"/>
  <testcase name="rn1_administrador_exclui_faturamento_pendente" classname="br.com.medflow.dominio.financeiro.faturamentos.TesteCenariosBDD" time="0.001"/>
  <testcase name="rn2_registrar_faturamento_com_valor_compativel" classname="br.com.medflow.dominio.financeiro.faturamentos.TesteCenariosBDD" time="0.0"/>
</testsuite>